#
# There is insufficient memory for the Java Runtime Environment to continue.
# Native memory allocation (malloc) failed to allocate 2125776 bytes. Error detail: Chunk::new
# Possible reasons:
#   The system is out of physical RAM or swap space
#   This process is running with CompressedOops enabled, and the Java Heap may be blocking the growth of the native heap
# Possible solutions:
#   Reduce memory load on the system
#   Increase physical memory or swap space
#   Check if swap backing store is full
#   Decrease Java heap size (-Xmx/-Xms)
#   Decrease number of Java threads
#   Decrease Java thread stack sizes (-Xss)
#   Set larger code cache with -XX:ReservedCodeCacheSize=
#   JVM is running with Unscaled Compressed Oops mode in which the Java heap is
#     placed in the first 4GB address space. The Java Heap base address is the
#     maximum limit for the native heap growth. Please use -XX:HeapBaseMinAddress
#     to set the Java Heap base and to place the Java Heap above 4GB virtual address.
# This output file may be truncated or incomplete.
#
#  Out of Memory Error (arena.cpp:168), pid=8672, tid=5000
#
# JRE version: OpenJDK Runtime Environment Temurin-21.0.11+10 (21.0.11+10) (build 21.0.11+10-LTS)
# Java VM: OpenJDK 64-Bit Server VM Temurin-21.0.11+10 (21.0.11+10-LTS, mixed mode, sharing, tiered, compressed oops, compressed class ptrs, parallel gc, windows-amd64)
# No core dump will be written. Minidumps are not enabled by default on client versions of Windows
#

---------------  S U M M A R Y ------------

Command Line: --add-modules=ALL-SYSTEM --add-opens=java.base/java.util=ALL-UNNAMED --add-opens=java.base/java.lang=ALL-UNNAMED --add-opens=java.base/sun.nio.fs=ALL-UNNAMED -Declipse.application=org.eclipse.jdt.ls.core.id1 -Dosgi.bundles.defaultStartLevel=4 -Declipse.product=org.eclipse.jdt.ls.core.product -Djava.import.generatesMetadataFilesAtProjectRoot=false -DDetectVMInstallationsJob.disabled=true -Dfile.encoding=utf8 -XX:+UseParallelGC -XX:GCTimeRatio=4 -XX:AdaptiveSizePolicyWeight=90 -Dsun.zip.disableMemoryMapping=true -Xmx2G -Xms100m -Xlog:disable -javaagent:c:\Users\SSDD\.vscode\extensions\redhat.java-1.55.0-win32-x64\lombok\lombok-1.18.39-4050.jar -XX:+HeapDumpOnOutOfMemoryError -XX:HeapDumpPath=c:\Users\SSDD\AppData\Roaming\Code\User\workspaceStorage\9f535888c8042cc39f56017e3d796c9c\redhat.java -Daether.dependencyCollector.impl=bf -agentpath:C:\Program Files\Palo Alto Networks\Traps\cyjagent.dll c:\Users\SSDD\.vscode\extensions\redhat.java-1.55.0-win32-x64\server\plugins\org.eclipse.equinox.launcher_1.7.200.v20260619-2039.jar -configuration c:\Users\SSDD\AppData\Roaming\Code\User\globalStorage\redhat.java\1.55.0\config_win -data c:\Users\SSDD\AppData\Roaming\Code\User\workspaceStorage\9f535888c8042cc39f56017e3d796c9c\redhat.java\jdt_ws --pipe=\\.\pipe\lsp-0387594f9519aaad5325e79c8e23cbda-sock

Host: 12th Gen Intel(R) Core(TM) i5-12500, 12 cores, 15G,  Windows 11 , 64 bit Build 26100 (10.0.26100.8115)
Time: Fri Jun 26 12:33:20 2026 Hora est. Sudam廨ica Pac璗ico elapsed time: 19.765342 seconds (0d 0h 0m 19s)

---------------  T H R E A D  ---------------

Current thread (0x0000017b956bb940):  JavaThread "C2 CompilerThread1" daemon [_thread_in_native, id=5000, stack(0x00000072d4b00000,0x00000072d4c00000) (1024K)]


Current CompileTask:
C2:19766 11670   !   4       org.eclipse.jdt.internal.core.search.indexing.BinaryIndexer::indexDocument (1172 bytes)

Stack: [0x00000072d4b00000,0x00000072d4c00000]
Native frames: (J=compiled Java code, j=interpreted, Vv=VM code, C=native code)
V  [jvm.dll+0x6d7e19]
V  [jvm.dll+0x8b5096]
V  [jvm.dll+0x8b764e]
V  [jvm.dll+0x8b7d33]
V  [jvm.dll+0x284596]
V  [jvm.dll+0xc685d]
V  [jvm.dll+0xc6da1]
V  [jvm.dll+0x3bed31]
V  [jvm.dll+0x1e4149]
V  [jvm.dll+0x24c853]
V  [jvm.dll+0x24bce0]
V  [jvm.dll+0x1cb4ae]
V  [jvm.dll+0x25baad]
V  [jvm.dll+0x25a03a]
V  [jvm.dll+0x3f868e]
V  [jvm.dll+0x85fb0d]
V  [jvm.dll+0x6d664d]
C  [ucrtbase.dll+0x37b0]
C  [cyinjct.dll+0x11e7]
C  [KERNEL32.DLL+0x2e8d7]
C  [ntdll.dll+0x8c3fc]


---------------  P R O C E S S  ---------------

Threads class SMR info:
_java_thread_list=0x0000017b9cd8a640, length=73, elements={
0x0000017b3b566e90, 0x0000017b51fdd3d0, 0x0000017b51fdf730, 0x0000017b51fe5230,
0x0000017b51fe6170, 0x0000017b94275950, 0x0000017b9426fca0, 0x0000017b94287400,
0x0000017b9428b0c0, 0x0000017b943323e0, 0x0000017b94334b40, 0x0000017b94332a70,
0x0000017b943351d0, 0x0000017b94333100, 0x0000017b943344b0, 0x0000017b94331d50,
0x0000017b94333790, 0x0000017b957a8270, 0x0000017b957a9620, 0x0000017b957abd80,
0x0000017b957a9cb0, 0x0000017b957aa340, 0x0000017b957aa9d0, 0x0000017b957ab060,
0x0000017b957a8900, 0x0000017b957ab6f0, 0x0000017b957ac410, 0x0000017b957a8f90,
0x0000017b957ad7c0, 0x0000017b957acaa0, 0x0000017b957ad130, 0x0000017b957ade50,
0x0000017b957ae4e0, 0x0000017b957aeb70, 0x0000017b957af200, 0x0000017b957af890,
0x0000017b9bae8b60, 0x0000017b9bae6400, 0x0000017b9bae56e0, 0x0000017b9bae5d70,
0x0000017b9bae9880, 0x0000017b9bae7e40, 0x0000017b9bae6a90, 0x0000017b956bb940,
0x0000017b9baeb950, 0x0000017b9baecd00, 0x0000017b9baebfe0, 0x0000017b9baec670,
0x0000017b94333e20, 0x0000017b956bc010, 0x0000017b9cb1a6a0, 0x0000017b9cb1ad30,
0x0000017b9cb1b3c0, 0x0000017b9cb19980, 0x0000017b9cb18c60, 0x0000017b9cb1ba50,
0x0000017b9cb192f0, 0x0000017b9cb1c0e0, 0x0000017b9cb1d490, 0x0000017b9cb1c770,
0x0000017b9cb1ce00, 0x0000017b9cb1a010, 0x0000017b9cb1db20, 0x0000017b9cb1e1b0,
0x0000017b9cb20280, 0x0000017b9cb1e840, 0x0000017b9cb1f560, 0x0000017b9cb1eed0,
0x0000017b9cb1fbf0, 0x0000017b9b3816e0, 0x0000017b9b381050, 0x0000017b9b380330,
0x0000017b9b37f610
}

Java Threads: ( => current thread )
  0x0000017b3b566e90 JavaThread "main"                              [_thread_blocked, id=15660, stack(0x00000072d2a00000,0x00000072d2b00000) (1024K)]
  0x0000017b51fdd3d0 JavaThread "Reference Handler"          daemon [_thread_blocked, id=11240, stack(0x00000072d2e00000,0x00000072d2f00000) (1024K)]
  0x0000017b51fdf730 JavaThread "Finalizer"                  daemon [_thread_blocked, id=18032, stack(0x00000072d2f00000,0x00000072d3000000) (1024K)]
  0x0000017b51fe5230 JavaThread "Signal Dispatcher"          daemon [_thread_blocked, id=19416, stack(0x00000072d3000000,0x00000072d3100000) (1024K)]
  0x0000017b51fe6170 JavaThread "Attach Listener"            daemon [_thread_blocked, id=10600, stack(0x00000072d3100000,0x00000072d3200000) (1024K)]
  0x0000017b94275950 JavaThread "Service Thread"             daemon [_thread_blocked, id=20124, stack(0x00000072d3200000,0x00000072d3300000) (1024K)]
  0x0000017b9426fca0 JavaThread "Monitor Deflation Thread"   daemon [_thread_blocked, id=13664, stack(0x00000072d3300000,0x00000072d3400000) (1024K)]
  0x0000017b94287400 JavaThread "C2 CompilerThread0"         daemon [_thread_blocked, id=17532, stack(0x00000072d3400000,0x00000072d3500000) (1024K)]
  0x0000017b9428b0c0 JavaThread "C1 CompilerThread0"         daemon [_thread_blocked, id=11612, stack(0x00000072d3500000,0x00000072d3600000) (1024K)]
  0x0000017b943323e0 JavaThread "Common-Cleaner"             daemon [_thread_blocked, id=2608, stack(0x00000072d3600000,0x00000072d3700000) (1024K)]
  0x0000017b94334b40 JavaThread "Notification Thread"        daemon [_thread_blocked, id=13240, stack(0x00000072d3700000,0x00000072d3800000) (1024K)]
  0x0000017b94332a70 JavaThread "Active Thread: Equinox Container: cc8a1ab4-f957-4f1f-8389-a1dd757d90a3"        [_thread_blocked, id=11688, stack(0x00000072d4000000,0x00000072d4100000) (1024K)]
  0x0000017b943351d0 JavaThread "Refresh Thread: Equinox Container: cc8a1ab4-f957-4f1f-8389-a1dd757d90a3" daemon [_thread_blocked, id=1564, stack(0x00000072d4200000,0x00000072d4300000) (1024K)]
  0x0000017b94333100 JavaThread "Framework Event Dispatcher: Equinox Container: cc8a1ab4-f957-4f1f-8389-a1dd757d90a3" daemon [_thread_blocked, id=4268, stack(0x00000072d4300000,0x00000072d4400000) (1024K)]
  0x0000017b943344b0 JavaThread "Start Level: Equinox Container: cc8a1ab4-f957-4f1f-8389-a1dd757d90a3" daemon [_thread_blocked, id=6084, stack(0x00000072d3800000,0x00000072d3900000) (1024K)]
  0x0000017b94331d50 JavaThread "Bundle File Closer"         daemon [_thread_blocked, id=19108, stack(0x00000072d4600000,0x00000072d4700000) (1024K)]
  0x0000017b94333790 JavaThread "SCR Component Actor"        daemon [_thread_blocked, id=3948, stack(0x00000072d4500000,0x00000072d4600000) (1024K)]
  0x0000017b957a8270 JavaThread "Worker-JM"                         [_thread_blocked, id=14064, stack(0x00000072d4800000,0x00000072d4900000) (1024K)]
  0x0000017b957a9620 JavaThread "Worker-0: Initialize Workspace"        [_thread_blocked, id=3472, stack(0x00000072d4900000,0x00000072d4a00000) (1024K)]
  0x0000017b957abd80 JavaThread "Worker-1"                          [_thread_blocked, id=18248, stack(0x00000072d4a00000,0x00000072d4b00000) (1024K)]
  0x0000017b957a9cb0 JavaThread "Java indexing"              daemon [_thread_blocked, id=10896, stack(0x00000072d4c00000,0x00000072d4d00000) (1024K)]
  0x0000017b957aa340 JavaThread "JNA Cleaner"                daemon [_thread_blocked, id=3260, stack(0x00000072d4d00000,0x00000072d4e00000) (1024K)]
  0x0000017b957aa9d0 JavaThread "Worker-2: Java indexing... "        [_thread_blocked, id=10428, stack(0x00000072d5100000,0x00000072d5200000) (1024K)]
  0x0000017b957ab060 JavaThread "Worker-3: Initialize workspace"        [_thread_blocked, id=15628, stack(0x00000072d5200000,0x00000072d5300000) (1024K)]
  0x0000017b957a8900 JavaThread "Thread-1"                   daemon [_thread_in_native, id=12664, stack(0x00000072d5300000,0x00000072d5400000) (1024K)]
  0x0000017b957ab6f0 JavaThread "Thread-2"                   daemon [_thread_in_native, id=8800, stack(0x00000072d5400000,0x00000072d5500000) (1024K)]
  0x0000017b957ac410 JavaThread "Thread-3"                   daemon [_thread_in_native, id=14524, stack(0x00000072d5500000,0x00000072d5600000) (1024K)]
  0x0000017b957a8f90 JavaThread "Thread-4"                   daemon [_thread_in_native, id=19984, stack(0x00000072d5600000,0x00000072d5700000) (1024K)]
  0x0000017b957ad7c0 JavaThread "Thread-5"                   daemon [_thread_in_native, id=3444, stack(0x00000072d5700000,0x00000072d5800000) (1024K)]
  0x0000017b957acaa0 JavaThread "Thread-6"                   daemon [_thread_in_native, id=18860, stack(0x00000072d5800000,0x00000072d5900000) (1024K)]
  0x0000017b957ad130 JavaThread "Thread-7"                   daemon [_thread_in_native, id=6316, stack(0x00000072d5900000,0x00000072d5a00000) (1024K)]
  0x0000017b957ade50 JavaThread "Thread-8"                   daemon [_thread_in_native, id=6780, stack(0x00000072d5a00000,0x00000072d5b00000) (1024K)]
  0x0000017b957ae4e0 JavaThread "Thread-9"                   daemon [_thread_in_native, id=9732, stack(0x00000072d5b00000,0x00000072d5c00000) (1024K)]
  0x0000017b957aeb70 JavaThread "Thread-10"                  daemon [_thread_in_native, id=10756, stack(0x00000072d5c00000,0x00000072d5d00000) (1024K)]
  0x0000017b957af200 JavaThread "Thread-11"                  daemon [_thread_in_native, id=15580, stack(0x00000072d5d00000,0x00000072d5e00000) (1024K)]
  0x0000017b957af890 JavaThread "Thread-12"                  daemon [_thread_in_native, id=18532, stack(0x00000072d5e00000,0x00000072d5f00000) (1024K)]
  0x0000017b9bae8b60 JavaThread "Thread-13"                  daemon [_thread_in_native, id=9116, stack(0x00000072d5f00000,0x00000072d6000000) (1024K)]
  0x0000017b9bae6400 JavaThread "pool-2-thread-1"                   [_thread_blocked, id=10784, stack(0x00000072d6000000,0x00000072d6100000) (1024K)]
  0x0000017b9bae56e0 JavaThread "WorkspaceEventsHandler"            [_thread_blocked, id=2992, stack(0x00000072d6200000,0x00000072d6300000) (1024K)]
  0x0000017b9bae5d70 JavaThread "pool-1-thread-1"                   [_thread_blocked, id=20372, stack(0x00000072d6300000,0x00000072d6400000) (1024K)]
  0x0000017b9bae9880 JavaThread "Keep-Alive-Timer"           daemon [_thread_blocked, id=16948, stack(0x00000072d6400000,0x00000072d6500000) (1024K)]
  0x0000017b9bae7e40 JavaThread "Worker-4: Building"                [_thread_blocked, id=8188, stack(0x00000072d6500000,0x00000072d6600000) (1024K)]
  0x0000017b9bae6a90 JavaThread "ForkJoinPool.commonPool-worker-1" daemon [_thread_blocked, id=18908, stack(0x00000072d4700000,0x00000072d4800000) (1024K)]
=>0x0000017b956bb940 JavaThread "C2 CompilerThread1"         daemon [_thread_in_native, id=5000, stack(0x00000072d4b00000,0x00000072d4c00000) (1024K)]
  0x0000017b9baeb950 JavaThread "ForkJoinPool.commonPool-worker-2" daemon [_thread_blocked, id=6888, stack(0x00000072d6600000,0x00000072d6700000) (1024K)]
  0x0000017b9baecd00 JavaThread "ForkJoinPool.commonPool-worker-3" daemon [_thread_blocked, id=532, stack(0x00000072d6700000,0x00000072d6800000) (1024K)]
  0x0000017b9baebfe0 JavaThread "ForkJoinPool.commonPool-worker-4" daemon [_thread_blocked, id=3116, stack(0x00000072d6800000,0x00000072d6900000) (1024K)]
  0x0000017b9baec670 JavaThread "ForkJoinPool.commonPool-worker-5" daemon [_thread_blocked, id=15524, stack(0x00000072d6900000,0x00000072d6a00000) (1024K)]
  0x0000017b94333e20 JavaThread "Worker-5"                          [_thread_blocked, id=20232, stack(0x00000072d6a00000,0x00000072d6b00000) (1024K)]
  0x0000017b956bc010 JavaThread "C2 CompilerThread2"         daemon [_thread_blocked, id=5764, stack(0x00000072d6b00000,0x00000072d6c00000) (1024K)]
  0x0000017b9cb1a6a0 JavaThread "LocalFile Deleter"          daemon [_thread_blocked, id=10888, stack(0x00000072d6c00000,0x00000072d6d00000) (1024K)]
  0x0000017b9cb1ad30 JavaThread "LocalFile Deleter"          daemon [_thread_blocked, id=492, stack(0x00000072d6d00000,0x00000072d6e00000) (1024K)]
  0x0000017b9cb1b3c0 JavaThread "LocalFile Deleter"          daemon [_thread_blocked, id=14988, stack(0x00000072d6e00000,0x00000072d6f00000) (1024K)]
  0x0000017b9cb19980 JavaThread "LocalFile Deleter"          daemon [_thread_blocked, id=7036, stack(0x00000072d6f00000,0x00000072d7000000) (1024K)]
  0x0000017b9cb18c60 JavaThread "LocalFile Deleter"          daemon [_thread_blocked, id=5008, stack(0x00000072d7000000,0x00000072d7100000) (1024K)]
  0x0000017b9cb1ba50 JavaThread "LocalFile Deleter"          daemon [_thread_blocked, id=11076, stack(0x00000072d7100000,0x00000072d7200000) (1024K)]
  0x0000017b9cb192f0 JavaThread "LocalFile Deleter"          daemon [_thread_blocked, id=7056, stack(0x00000072d7200000,0x00000072d7300000) (1024K)]
  0x0000017b9cb1c0e0 JavaThread "LocalFile Deleter"          daemon [_thread_blocked, id=14836, stack(0x00000072d7300000,0x00000072d7400000) (1024K)]
  0x0000017b9cb1d490 JavaThread "LocalFile Deleter"          daemon [_thread_blocked, id=4088, stack(0x00000072d7400000,0x00000072d7500000) (1024K)]
  0x0000017b9cb1c770 JavaThread "LocalFile Deleter"          daemon [_thread_blocked, id=9572, stack(0x00000072d7500000,0x00000072d7600000) (1024K)]
  0x0000017b9cb1ce00 JavaThread "LocalFile Deleter"          daemon [_thread_blocked, id=9996, stack(0x00000072d7600000,0x00000072d7700000) (1024K)]
  0x0000017b9cb1a010 JavaThread "LocalFile Deleter"          daemon [_thread_blocked, id=8880, stack(0x00000072d7700000,0x00000072d7800000) (1024K)]
  0x0000017b9cb1db20 JavaThread "Compiler Source File Reader" daemon [_thread_blocked, id=2780, stack(0x00000072d7800000,0x00000072d7900000) (1024K)]
  0x0000017b9cb1e1b0 JavaThread "Compiler Source File Reader" daemon [_thread_blocked, id=12424, stack(0x00000072d7900000,0x00000072d7a00000) (1024K)]
  0x0000017b9cb20280 JavaThread "Compiler Source File Reader" daemon [_thread_blocked, id=9040, stack(0x00000072d7a00000,0x00000072d7b00000) (1024K)]
  0x0000017b9cb1e840 JavaThread "Compiler Source File Reader" daemon [_thread_blocked, id=4856, stack(0x00000072d7b00000,0x00000072d7c00000) (1024K)]
  0x0000017b9cb1f560 JavaThread "Compiler Source File Reader" daemon [_thread_blocked, id=5956, stack(0x00000072d7c00000,0x00000072d7d00000) (1024K)]
  0x0000017b9cb1eed0 JavaThread "Compiler Source File Reader" daemon [_thread_blocked, id=10964, stack(0x00000072d7d00000,0x00000072d7e00000) (1024K)]
  0x0000017b9cb1fbf0 JavaThread "Compiler Source File Reader" daemon [_thread_blocked, id=17472, stack(0x00000072d7e00000,0x00000072d7f00000) (1024K)]
  0x0000017b9b3816e0 JavaThread "Compiler Source File Reader" daemon [_thread_blocked, id=4992, stack(0x00000072d7f00000,0x00000072d8000000) (1024K)]
  0x0000017b9b381050 JavaThread "Compiler Source File Reader" daemon [_thread_blocked, id=7924, stack(0x00000072d8000000,0x00000072d8100000) (1024K)]
  0x0000017b9b380330 JavaThread "Worker-6"                          [_thread_blocked, id=8688, stack(0x00000072d8100000,0x00000072d8200000) (1024K)]
  0x0000017b9b37f610 JavaThread "Compiler Processing Task"   daemon [_thread_blocked, id=13080, stack(0x00000072d8200000,0x00000072d8300000) (1024K)]
Total: 73

Other Threads:
  0x0000017b94261960 VMThread "VM Thread"                           [id=3076, stack(0x00000072d2d00000,0x00000072d2e00000) (1024K)]
  0x0000017b51eccb20 WatcherThread "VM Periodic Task Thread"        [id=10108, stack(0x00000072d2c00000,0x00000072d2d00000) (1024K)]
  0x0000017b3b585ec0 WorkerThread "GC Thread#0"                     [id=8056, stack(0x00000072d2b00000,0x00000072d2c00000) (1024K)]
  0x0000017b9588e2c0 WorkerThread "GC Thread#1"                     [id=17552, stack(0x00000072d3a00000,0x00000072d3b00000) (1024K)]
  0x0000017b9588e670 WorkerThread "GC Thread#2"                     [id=6852, stack(0x00000072d3b00000,0x00000072d3c00000) (1024K)]
  0x0000017b9a02c750 WorkerThread "GC Thread#3"                     [id=3200, stack(0x00000072d3c00000,0x00000072d3d00000) (1024K)]
  0x0000017b9a02cb00 WorkerThread "GC Thread#4"                     [id=9992, stack(0x00000072d3d00000,0x00000072d3e00000) (1024K)]
  0x0000017b9a02ceb0 WorkerThread "GC Thread#5"                     [id=192, stack(0x00000072d3e00000,0x00000072d3f00000) (1024K)]
  0x0000017b95b2c0c0 WorkerThread "GC Thread#6"                     [id=20412, stack(0x00000072d3f00000,0x00000072d4000000) (1024K)]
  0x0000017b9a3248e0 WorkerThread "GC Thread#7"                     [id=4804, stack(0x00000072d4100000,0x00000072d4200000) (1024K)]
  0x0000017b9a323a20 WorkerThread "GC Thread#8"                     [id=20292, stack(0x00000072d3900000,0x00000072d3a00000) (1024K)]
  0x0000017b9a323dd0 WorkerThread "GC Thread#9"                     [id=11284, stack(0x00000072d4400000,0x00000072d4500000) (1024K)]
Total: 12

Threads with active compile tasks:
C2 CompilerThread0  19851 11971       4       org.eclipse.jdt.internal.compiler.classfmt.MethodInfo::decodeMethodParameters (129 bytes)
C2 CompilerThread1  19851 11670   !   4       org.eclipse.jdt.internal.core.search.indexing.BinaryIndexer::indexDocument (1172 bytes)
C2 CompilerThread2  19852 11964       4       org.eclipse.jdt.internal.compiler.parser.Scanner::internalScanIdentifierOrKeyword (5041 bytes)
Total: 3

VM state: at safepoint (normal execution)

VM Mutex/Monitor currently owned by a thread:  ([mutex/lock_event])
[0x00007ff9b6d0f570] Threads_lock - owner thread: 0x0000017b94261960
[0x00007ff9b6d0f670] Heap_lock - owner thread: 0x0000017b957a9cb0

Heap address: 0x0000000080000000, size: 2048 MB, Compressed Oops mode: 32-bit

CDS archive(s) mapped at: [0x0000017b52000000-0x0000017b52ba0000-0x0000017b52ba0000), size 12189696, SharedBaseAddress: 0x0000017b52000000, ArchiveRelocationMode: 1.
Compressed class space mapped at: 0x0000017b53000000-0x0000017b93000000, reserved size: 1073741824
Narrow klass base: 0x0000017b52000000, Narrow klass shift: 0, Narrow klass range: 0x100000000

GC Precious Log:
 CardTable entry size: 512
 CPUs: 12 total, 12 available
 Memory: 16072M
 Large Page Support: Disabled
 NUMA Support: Disabled
 Compressed Oops: Enabled (32-bit)
 Alignments: Space 512K, Generation 512K, Heap 2M
 Heap Min Capacity: 100M
 Heap Initial Capacity: 100M
 Heap Max Capacity: 2G
 Pre-touch: Disabled
 Parallel Workers: 10

Heap:
 PSYoungGen      total 5632K, used 1013K [0x00000000d5580000, 0x00000000d5c80000, 0x0000000100000000)
  eden space 4608K, 0% used [0x00000000d5580000,0x00000000d5580000,0x00000000d5a00000)
  from space 1024K, 98% used [0x00000000d5a80000,0x00000000d5b7d570,0x00000000d5b80000)
  to   space 1024K, 0% used [0x00000000d5b80000,0x00000000d5b80000,0x00000000d5c80000)
 ParOldGen       total 222208K, used 222047K [0x0000000080000000, 0x000000008d900000, 0x00000000d5580000)
  object space 222208K, 99% used [0x0000000080000000,0x000000008d8d7d40,0x000000008d900000)
 Metaspace       used 67428K, committed 68928K, reserved 1114112K
  class space    used 7240K, committed 7936K, reserved 1048576K

Card table byte_map: [0x0000017b3b0c0000,0x0000017b3b4d0000] _byte_map_base: 0x0000017b3acc0000

Marking Bits: (ParMarkBitMap*) 0x00007ff9b6d14460
 Begin Bits: [0x0000017b4d9f0000, 0x0000017b4f9f0000)
 End Bits:   [0x0000017b4f9f0000, 0x0000017b519f0000)

Polling page: 0x0000017b39270000

Metaspace:

Usage:
  Non-class:     58.78 MB used.
      Class:      7.07 MB used.
       Both:     65.85 MB used.

Virtual space:
  Non-class space:       64.00 MB reserved,      59.56 MB ( 93%) committed,  1 nodes.
      Class space:        1.00 GB reserved,       7.75 MB ( <1%) committed,  1 nodes.
             Both:        1.06 GB reserved,      67.31 MB (  6%) committed. 

Chunk freelists:
   Non-Class:  4.08 MB
       Class:  8.29 MB
        Both:  12.37 MB

MaxMetaspaceSize: unlimited
CompressedClassSpaceSize: 1.00 GB
Initial GC threshold: 21.00 MB
Current GC threshold: 97.31 MB
CDS: on
 - commit_granule_bytes: 65536.
 - commit_granule_words: 8192.
 - virtual_space_node_default_size: 8388608.
 - enlarge_chunks_in_place: 1.
 - use_allocation_guard: 0.


Internal statistics:

num_allocs_failed_limit: 9.
num_arena_births: 1154.
num_arena_deaths: 22.
num_vsnodes_births: 2.
num_vsnodes_deaths: 0.
num_space_committed: 1077.
num_space_uncommitted: 0.
num_chunks_returned_to_freelist: 35.
num_chunks_taken_from_freelist: 4069.
num_chunk_merges: 19.
num_chunk_splits: 2526.
num_chunks_enlarged: 1487.
num_inconsistent_stats: 0.

CodeHeap 'non-profiled nmethods': size=120000Kb used=8368Kb max_used=8368Kb free=111631Kb
 bounds [0x0000017b46210000, 0x0000017b46a40000, 0x0000017b4d740000]
CodeHeap 'profiled nmethods': size=120000Kb used=25088Kb max_used=25088Kb free=94911Kb
 bounds [0x0000017b3e740000, 0x0000017b3ffd0000, 0x0000017b45c70000]
CodeHeap 'non-nmethods': size=5760Kb used=1461Kb max_used=1546Kb free=4298Kb
 bounds [0x0000017b45c70000, 0x0000017b45ee0000, 0x0000017b46210000]
CodeCache: size=245760Kb, used=34917Kb, max_used=35002Kb, free=210840Kb
 total_blobs=11955, nmethods=11179, adapters=682, full_count=0
Compilation: enabled, stopped_count=0, restarted_count=0

Compilation events (20 events):
Event: 18.730 Thread 0x0000017b9428b0c0 11973       3       org.eclipse.jdt.internal.compiler.lookup.LookupEnvironment::annotateType (151 bytes)
Event: 18.730 Thread 0x0000017b9428b0c0 nmethod 11973 0x0000017b3ffb9510 code [0x0000017b3ffb97a0, 0x0000017b3ffba488]
Event: 18.730 Thread 0x0000017b9428b0c0 11974       3       org.eclipse.jdt.internal.compiler.env.ITypeAnnotationWalker$1::toTypeArgument (2 bytes)
Event: 18.730 Thread 0x0000017b9428b0c0 nmethod 11974 0x0000017b3ffba890 code [0x0000017b3ffbaa20, 0x0000017b3ffbab30]
Event: 18.730 Thread 0x0000017b9428b0c0 11975       3       org.eclipse.jdt.internal.compiler.lookup.LookupEnvironment::getTypeFromVariantTypeSignature (222 bytes)
Event: 18.731 Thread 0x0000017b9428b0c0 nmethod 11975 0x0000017b3ffbac10 code [0x0000017b3ffbaee0, 0x0000017b3ffbba28]
Event: 18.731 Thread 0x0000017b9428b0c0 11979       3       org.eclipse.jdt.internal.compiler.lookup.LookupEnvironment::getTypeFromTypeVariable (68 bytes)
Event: 18.731 Thread 0x0000017b9428b0c0 nmethod 11979 0x0000017b3ffbbe10 code [0x0000017b3ffbc040, 0x0000017b3ffbc8b8]
Event: 18.731 Thread 0x0000017b9428b0c0 11978       3       org.eclipse.jdt.internal.compiler.classfmt.NonNullDefaultAwareTypeAnnotationWalker::updateWalkerForParamNonNullDefault (151 bytes)
Event: 18.732 Thread 0x0000017b9428b0c0 nmethod 11978 0x0000017b3ffbcb90 code [0x0000017b3ffbce40, 0x0000017b3ffbdd48]
Event: 18.732 Thread 0x0000017b9428b0c0 11977       3       org.eclipse.jdt.internal.compiler.lookup.LookupEnvironment::createParameterizedType (44 bytes)
Event: 18.732 Thread 0x0000017b9428b0c0 nmethod 11977 0x0000017b3ffbe190 code [0x0000017b3ffbe380, 0x0000017b3ffbe868]
Event: 18.732 Thread 0x0000017b9428b0c0 11976       1       org.eclipse.jdt.internal.compiler.lookup.WildcardBinding::boundKind (5 bytes)
Event: 18.732 Thread 0x0000017b9428b0c0 nmethod 11976 0x0000017b46a3bf90 code [0x0000017b46a3c120, 0x0000017b46a3c1e8]
Event: 18.732 Thread 0x0000017b9428b0c0 11980       3       org.eclipse.jdt.internal.compiler.lookup.ReferenceBinding::isPublic (13 bytes)
Event: 18.732 Thread 0x0000017b9428b0c0 nmethod 11980 0x0000017b3ffbea10 code [0x0000017b3ffbebc0, 0x0000017b3ffbed38]
Event: 18.732 Thread 0x0000017b9428b0c0 11981       3       org.eclipse.jdt.internal.compiler.lookup.Scope::enclosingReceiverType (38 bytes)
Event: 18.733 Thread 0x0000017b9428b0c0 nmethod 11981 0x0000017b3ffbee10 code [0x0000017b3ffbf000, 0x0000017b3ffbf4d8]
Event: 18.733 Thread 0x0000017b9428b0c0 11982       3       org.eclipse.jdt.internal.compiler.lookup.LookupEnvironment::convertToParameterizedType (89 bytes)
Event: 18.733 Thread 0x0000017b9428b0c0 nmethod 11982 0x0000017b3ffbf690 code [0x0000017b3ffbf8e0, 0x0000017b3ffc00b8]

GC Heap History (20 events):
Event: 18.635 GC heap after
{Heap after GC invocations=126 (full 3):
 PSYoungGen      total 6144K, used 1248K [0x00000000d5580000, 0x00000000d5d00000, 0x0000000100000000)
  eden space 4608K, 0% used [0x00000000d5580000,0x00000000d5580000,0x00000000d5a00000)
  from space 1536K, 81% used [0x00000000d5a00000,0x00000000d5b38000,0x00000000d5b80000)
  to   space 1536K, 0% used [0x00000000d5b80000,0x00000000d5b80000,0x00000000d5d00000)
 ParOldGen       total 212992K, used 212522K [0x0000000080000000, 0x000000008d000000, 0x00000000d5580000)
  object space 212992K, 99% used [0x0000000080000000,0x000000008cf8a868,0x000000008d000000)
 Metaspace       used 67138K, committed 68672K, reserved 1114112K
  class space    used 7203K, committed 7872K, reserved 1048576K
}
Event: 18.644 GC heap before
{Heap before GC invocations=127 (full 3):
 PSYoungGen      total 6144K, used 5856K [0x00000000d5580000, 0x00000000d5d00000, 0x0000000100000000)
  eden space 4608K, 100% used [0x00000000d5580000,0x00000000d5a00000,0x00000000d5a00000)
  from space 1536K, 81% used [0x00000000d5a00000,0x00000000d5b38000,0x00000000d5b80000)
  to   space 1536K, 0% used [0x00000000d5b80000,0x00000000d5b80000,0x00000000d5d00000)
 ParOldGen       total 212992K, used 212522K [0x0000000080000000, 0x000000008d000000, 0x00000000d5580000)
  object space 212992K, 99% used [0x0000000080000000,0x000000008cf8a868,0x000000008d000000)
 Metaspace       used 67147K, committed 68672K, reserved 1114112K
  class space    used 7203K, committed 7872K, reserved 1048576K
}
Event: 18.645 GC heap after
{Heap after GC invocations=127 (full 3):
 PSYoungGen      total 6144K, used 974K [0x00000000d5580000, 0x00000000d5d00000, 0x0000000100000000)
  eden space 4608K, 0% used [0x00000000d5580000,0x00000000d5580000,0x00000000d5a00000)
  from space 1536K, 63% used [0x00000000d5b80000,0x00000000d5c73a28,0x00000000d5d00000)
  to   space 1536K, 0% used [0x00000000d5a00000,0x00000000d5a00000,0x00000000d5b80000)
 ParOldGen       total 214016K, used 213586K [0x0000000080000000, 0x000000008d100000, 0x00000000d5580000)
  object space 214016K, 99% used [0x0000000080000000,0x000000008d094ac0,0x000000008d100000)
 Metaspace       used 67147K, committed 68672K, reserved 1114112K
  class space    used 7203K, committed 7872K, reserved 1048576K
}
Event: 18.653 GC heap before
{Heap before GC invocations=128 (full 3):
 PSYoungGen      total 6144K, used 5582K [0x00000000d5580000, 0x00000000d5d00000, 0x0000000100000000)
  eden space 4608K, 100% used [0x00000000d5580000,0x00000000d5a00000,0x00000000d5a00000)
  from space 1536K, 63% used [0x00000000d5b80000,0x00000000d5c73a28,0x00000000d5d00000)
  to   space 1536K, 0% used [0x00000000d5a00000,0x00000000d5a00000,0x00000000d5b80000)
 ParOldGen       total 214016K, used 213586K [0x0000000080000000, 0x000000008d100000, 0x00000000d5580000)
  object space 214016K, 99% used [0x0000000080000000,0x000000008d094ac0,0x000000008d100000)
 Metaspace       used 67174K, committed 68672K, reserved 1114112K
  class space    used 7203K, committed 7872K, reserved 1048576K
}
Event: 18.655 GC heap after
{Heap after GC invocations=128 (full 3):
 PSYoungGen      total 6144K, used 1078K [0x00000000d5580000, 0x00000000d5d00000, 0x0000000100000000)
  eden space 4608K, 0% used [0x00000000d5580000,0x00000000d5580000,0x00000000d5a00000)
  from space 1536K, 70% used [0x00000000d5a00000,0x00000000d5b0db88,0x00000000d5b80000)
  to   space 1536K, 0% used [0x00000000d5b80000,0x00000000d5b80000,0x00000000d5d00000)
 ParOldGen       total 215040K, used 214536K [0x0000000080000000, 0x000000008d200000, 0x00000000d5580000)
  object space 215040K, 99% used [0x0000000080000000,0x000000008d182150,0x000000008d200000)
 Metaspace       used 67174K, committed 68672K, reserved 1114112K
  class space    used 7203K, committed 7872K, reserved 1048576K
}
Event: 18.663 GC heap before
{Heap before GC invocations=129 (full 3):
 PSYoungGen      total 6144K, used 5686K [0x00000000d5580000, 0x00000000d5d00000, 0x0000000100000000)
  eden space 4608K, 100% used [0x00000000d5580000,0x00000000d5a00000,0x00000000d5a00000)
  from space 1536K, 70% used [0x00000000d5a00000,0x00000000d5b0db88,0x00000000d5b80000)
  to   space 1536K, 0% used [0x00000000d5b80000,0x00000000d5b80000,0x00000000d5d00000)
 ParOldGen       total 215040K, used 214536K [0x0000000080000000, 0x000000008d200000, 0x00000000d5580000)
  object space 215040K, 99% used [0x0000000080000000,0x000000008d182150,0x000000008d200000)
 Metaspace       used 67203K, committed 68736K, reserved 1114112K
  class space    used 7204K, committed 7872K, reserved 1048576K
}
Event: 18.665 GC heap after
{Heap after GC invocations=129 (full 3):
 PSYoungGen      total 6144K, used 1118K [0x00000000d5580000, 0x00000000d5d00000, 0x0000000100000000)
  eden space 4608K, 0% used [0x00000000d5580000,0x00000000d5580000,0x00000000d5a00000)
  from space 1536K, 72% used [0x00000000d5b80000,0x00000000d5c978a8,0x00000000d5d00000)
  to   space 1536K, 0% used [0x00000000d5a00000,0x00000000d5a00000,0x00000000d5b80000)
 ParOldGen       total 215552K, used 215451K [0x0000000080000000, 0x000000008d280000, 0x00000000d5580000)
  object space 215552K, 99% used [0x0000000080000000,0x000000008d266d08,0x000000008d280000)
 Metaspace       used 67203K, committed 68736K, reserved 1114112K
  class space    used 7204K, committed 7872K, reserved 1048576K
}
Event: 18.673 GC heap before
{Heap before GC invocations=130 (full 3):
 PSYoungGen      total 6144K, used 5726K [0x00000000d5580000, 0x00000000d5d00000, 0x0000000100000000)
  eden space 4608K, 100% used [0x00000000d5580000,0x00000000d5a00000,0x00000000d5a00000)
  from space 1536K, 72% used [0x00000000d5b80000,0x00000000d5c978a8,0x00000000d5d00000)
  to   space 1536K, 0% used [0x00000000d5a00000,0x00000000d5a00000,0x00000000d5b80000)
 ParOldGen       total 215552K, used 215451K [0x0000000080000000, 0x000000008d280000, 0x00000000d5580000)
  object space 215552K, 99% used [0x0000000080000000,0x000000008d266d08,0x000000008d280000)
 Metaspace       used 67219K, committed 68736K, reserved 1114112K
  class space    used 7207K, committed 7872K, reserved 1048576K
}
Event: 18.674 GC heap after
{Heap after GC invocations=130 (full 3):
 PSYoungGen      total 6144K, used 1024K [0x00000000d5580000, 0x00000000d5d00000, 0x0000000100000000)
  eden space 4608K, 0% used [0x00000000d5580000,0x00000000d5580000,0x00000000d5a00000)
  from space 1536K, 66% used [0x00000000d5a00000,0x00000000d5b00000,0x00000000d5b80000)
  to   space 1536K, 0% used [0x00000000d5b80000,0x00000000d5b80000,0x00000000d5d00000)
 ParOldGen       total 216576K, used 216437K [0x0000000080000000, 0x000000008d380000, 0x00000000d5580000)
  object space 216576K, 99% used [0x0000000080000000,0x000000008d35d690,0x000000008d380000)
 Metaspace       used 67219K, committed 68736K, reserved 1114112K
  class space    used 7207K, committed 7872K, reserved 1048576K
}
Event: 18.683 GC heap before
{Heap before GC invocations=131 (full 3):
 PSYoungGen      total 6144K, used 5632K [0x00000000d5580000, 0x00000000d5d00000, 0x0000000100000000)
  eden space 4608K, 100% used [0x00000000d5580000,0x00000000d5a00000,0x00000000d5a00000)
  from space 1536K, 66% used [0x00000000d5a00000,0x00000000d5b00000,0x00000000d5b80000)
  to   space 1536K, 0% used [0x00000000d5b80000,0x00000000d5b80000,0x00000000d5d00000)
 ParOldGen       total 216576K, used 216437K [0x0000000080000000, 0x000000008d380000, 0x00000000d5580000)
  object space 216576K, 99% used [0x0000000080000000,0x000000008d35d690,0x000000008d380000)
 Metaspace       used 67244K, committed 68736K, reserved 1114112K
  class space    used 7211K, committed 7872K, reserved 1048576K
}
Event: 18.684 GC heap after
{Heap after GC invocations=131 (full 3):
 PSYoungGen      total 6144K, used 1088K [0x00000000d5580000, 0x00000000d5d00000, 0x0000000100000000)
  eden space 4608K, 0% used [0x00000000d5580000,0x00000000d5580000,0x00000000d5a00000)
  from space 1536K, 70% used [0x00000000d5b80000,0x00000000d5c90000,0x00000000d5d00000)
  to   space 1536K, 0% used [0x00000000d5a00000,0x00000000d5a00000,0x00000000d5b80000)
 ParOldGen       total 217600K, used 217349K [0x0000000080000000, 0x000000008d480000, 0x00000000d5580000)
  object space 217600K, 99% used [0x0000000080000000,0x000000008d441668,0x000000008d480000)
 Metaspace       used 67244K, committed 68736K, reserved 1114112K
  class space    used 7211K, committed 7872K, reserved 1048576K
}
Event: 18.694 GC heap before
{Heap before GC invocations=132 (full 3):
 PSYoungGen      total 6144K, used 5696K [0x00000000d5580000, 0x00000000d5d00000, 0x0000000100000000)
  eden space 4608K, 100% used [0x00000000d5580000,0x00000000d5a00000,0x00000000d5a00000)
  from space 1536K, 70% used [0x00000000d5b80000,0x00000000d5c90000,0x00000000d5d00000)
  to   space 1536K, 0% used [0x00000000d5a00000,0x00000000d5a00000,0x00000000d5b80000)
 ParOldGen       total 217600K, used 217349K [0x0000000080000000, 0x000000008d480000, 0x00000000d5580000)
  object space 217600K, 99% used [0x0000000080000000,0x000000008d441668,0x000000008d480000)
 Metaspace       used 67291K, committed 68800K, reserved 1114112K
  class space    used 7217K, committed 7872K, reserved 1048576K
}
Event: 18.696 GC heap after
{Heap after GC invocations=132 (full 3):
 PSYoungGen      total 6144K, used 1129K [0x00000000d5580000, 0x00000000d5d00000, 0x0000000100000000)
  eden space 4608K, 0% used [0x00000000d5580000,0x00000000d5580000,0x00000000d5a00000)
  from space 1536K, 73% used [0x00000000d5a00000,0x00000000d5b1a7a8,0x00000000d5b80000)
  to   space 1536K, 0% used [0x00000000d5b80000,0x00000000d5b80000,0x00000000d5d00000)
 ParOldGen       total 218624K, used 218273K [0x0000000080000000, 0x000000008d580000, 0x00000000d5580000)
  object space 218624K, 99% used [0x0000000080000000,0x000000008d5285e0,0x000000008d580000)
 Metaspace       used 67291K, committed 68800K, reserved 1114112K
  class space    used 7217K, committed 7872K, reserved 1048576K
}
Event: 18.705 GC heap before
{Heap before GC invocations=133 (full 3):
 PSYoungGen      total 6144K, used 5737K [0x00000000d5580000, 0x00000000d5d00000, 0x0000000100000000)
  eden space 4608K, 100% used [0x00000000d5580000,0x00000000d5a00000,0x00000000d5a00000)
  from space 1536K, 73% used [0x00000000d5a00000,0x00000000d5b1a7a8,0x00000000d5b80000)
  to   space 1536K, 0% used [0x00000000d5b80000,0x00000000d5b80000,0x00000000d5d00000)
 ParOldGen       total 218624K, used 218273K [0x0000000080000000, 0x000000008d580000, 0x00000000d5580000)
  object space 218624K, 99% used [0x0000000080000000,0x000000008d5285e0,0x000000008d580000)
 Metaspace       used 67329K, committed 68864K, reserved 1114112K
  class space    used 7223K, committed 7936K, reserved 1048576K
}
Event: 18.706 GC heap after
{Heap after GC invocations=133 (full 3):
 PSYoungGen      total 6144K, used 1099K [0x00000000d5580000, 0x00000000d5d00000, 0x0000000100000000)
  eden space 4608K, 0% used [0x00000000d5580000,0x00000000d5580000,0x00000000d5a00000)
  from space 1536K, 71% used [0x00000000d5b80000,0x00000000d5c92c78,0x00000000d5d00000)
  to   space 1536K, 0% used [0x00000000d5a00000,0x00000000d5a00000,0x00000000d5b80000)
 ParOldGen       total 219648K, used 219306K [0x0000000080000000, 0x000000008d680000, 0x00000000d5580000)
  object space 219648K, 99% used [0x0000000080000000,0x000000008d62aa50,0x000000008d680000)
 Metaspace       used 67329K, committed 68864K, reserved 1114112K
  class space    used 7223K, committed 7936K, reserved 1048576K
}
Event: 18.716 GC heap before
{Heap before GC invocations=134 (full 3):
 PSYoungGen      total 6144K, used 5707K [0x00000000d5580000, 0x00000000d5d00000, 0x0000000100000000)
  eden space 4608K, 100% used [0x00000000d5580000,0x00000000d5a00000,0x00000000d5a00000)
  from space 1536K, 71% used [0x00000000d5b80000,0x00000000d5c92c78,0x00000000d5d00000)
  to   space 1536K, 0% used [0x00000000d5a00000,0x00000000d5a00000,0x00000000d5b80000)
 ParOldGen       total 219648K, used 219306K [0x0000000080000000, 0x000000008d680000, 0x00000000d5580000)
  object space 219648K, 99% used [0x0000000080000000,0x000000008d62aa50,0x000000008d680000)
 Metaspace       used 67361K, committed 68864K, reserved 1114112K
  class space    used 7228K, committed 7936K, reserved 1048576K
}
Event: 18.717 GC heap after
{Heap after GC invocations=134 (full 3):
 PSYoungGen      total 6144K, used 998K [0x00000000d5580000, 0x00000000d5d00000, 0x0000000100000000)
  eden space 4608K, 0% used [0x00000000d5580000,0x00000000d5580000,0x00000000d5a00000)
  from space 1536K, 64% used [0x00000000d5a00000,0x00000000d5af9948,0x00000000d5b80000)
  to   space 1536K, 0% used [0x00000000d5b80000,0x00000000d5b80000,0x00000000d5d00000)
 ParOldGen       total 220672K, used 220273K [0x0000000080000000, 0x000000008d780000, 0x00000000d5580000)
  object space 220672K, 99% used [0x0000000080000000,0x000000008d71c570,0x000000008d780000)
 Metaspace       used 67361K, committed 68864K, reserved 1114112K
  class space    used 7228K, committed 7936K, reserved 1048576K
}
Event: 18.724 GC heap before
{Heap before GC invocations=135 (full 3):
 PSYoungGen      total 6144K, used 5606K [0x00000000d5580000, 0x00000000d5d00000, 0x0000000100000000)
  eden space 4608K, 100% used [0x00000000d5580000,0x00000000d5a00000,0x00000000d5a00000)
  from space 1536K, 64% used [0x00000000d5a00000,0x00000000d5af9948,0x00000000d5b80000)
  to   space 1536K, 0% used [0x00000000d5b80000,0x00000000d5b80000,0x00000000d5d00000)
 ParOldGen       total 220672K, used 220273K [0x0000000080000000, 0x000000008d780000, 0x00000000d5580000)
  object space 220672K, 99% used [0x0000000080000000,0x000000008d71c570,0x000000008d780000)
 Metaspace       used 67394K, committed 68928K, reserved 1114112K
  class space    used 7238K, committed 7936K, reserved 1048576K
}
Event: 18.726 GC heap after
{Heap after GC invocations=135 (full 3):
 PSYoungGen      total 5632K, used 896K [0x00000000d5580000, 0x00000000d5c80000, 0x0000000100000000)
  eden space 4608K, 0% used [0x00000000d5580000,0x00000000d5580000,0x00000000d5a00000)
  from space 1024K, 87% used [0x00000000d5b80000,0x00000000d5c60000,0x00000000d5c80000)
  to   space 1024K, 0% used [0x00000000d5a80000,0x00000000d5a80000,0x00000000d5b80000)
 ParOldGen       total 221184K, used 221170K [0x0000000080000000, 0x000000008d800000, 0x00000000d5580000)
  object space 221184K, 99% used [0x0000000080000000,0x000000008d7fc8d0,0x000000008d800000)
 Metaspace       used 67394K, committed 68928K, reserved 1114112K
  class space    used 7238K, committed 7936K, reserved 1048576K
}
Event: 18.733 GC heap before
{Heap before GC invocations=136 (full 3):
 PSYoungGen      total 5632K, used 5504K [0x00000000d5580000, 0x00000000d5c80000, 0x0000000100000000)
  eden space 4608K, 100% used [0x00000000d5580000,0x00000000d5a00000,0x00000000d5a00000)
  from space 1024K, 87% used [0x00000000d5b80000,0x00000000d5c60000,0x00000000d5c80000)
  to   space 1024K, 0% used [0x00000000d5a80000,0x00000000d5a80000,0x00000000d5b80000)
 ParOldGen       total 221184K, used 221170K [0x0000000080000000, 0x000000008d800000, 0x00000000d5580000)
  object space 221184K, 99% used [0x0000000080000000,0x000000008d7fc8d0,0x000000008d800000)
 Metaspace       used 67428K, committed 68928K, reserved 1114112K
  class space    used 7240K, committed 7936K, reserved 1048576K
}

Dll operation events (14 events):
Event: 0.041 Loaded shared library c:\Users\SSDD\.vscode\extensions\redhat.java-1.55.0-win32-x64\jre\21.0.11-win32-x86_64\bin\java.dll
Event: 0.064 Loaded shared library c:\Users\SSDD\.vscode\extensions\redhat.java-1.55.0-win32-x64\jre\21.0.11-win32-x86_64\bin\zip.dll
Event: 0.140 Loaded shared library C:\Users\SSDD\.vscode\extensions\redhat.java-1.55.0-win32-x64\jre\21.0.11-win32-x86_64\bin\instrument.dll
Event: 0.153 Loaded shared library C:\Users\SSDD\.vscode\extensions\redhat.java-1.55.0-win32-x64\jre\21.0.11-win32-x86_64\bin\net.dll
Event: 0.161 Loaded shared library C:\Users\SSDD\.vscode\extensions\redhat.java-1.55.0-win32-x64\jre\21.0.11-win32-x86_64\bin\nio.dll
Event: 0.166 Loaded shared library C:\Users\SSDD\.vscode\extensions\redhat.java-1.55.0-win32-x64\jre\21.0.11-win32-x86_64\bin\zip.dll
Event: 0.184 Loaded shared library C:\Users\SSDD\.vscode\extensions\redhat.java-1.55.0-win32-x64\jre\21.0.11-win32-x86_64\bin\jimage.dll
Event: 0.273 Loaded shared library c:\Users\SSDD\.vscode\extensions\redhat.java-1.55.0-win32-x64\jre\21.0.11-win32-x86_64\bin\verify.dll
Event: 3.197 Loaded shared library C:\Users\SSDD\AppData\Roaming\Code\User\globalStorage\redhat.java\1.55.0\config_win\org.eclipse.equinox.launcher\org.eclipse.equinox.launcher.win32.win32.x86_64_1.3.100.v20260613-0559\eclipse_11924.dll
Event: 8.965 Loaded shared library C:\Users\SSDD\.vscode\extensions\redhat.java-1.55.0-win32-x64\jre\21.0.11-win32-x86_64\bin\management.dll
Event: 8.970 Loaded shared library C:\Users\SSDD\.vscode\extensions\redhat.java-1.55.0-win32-x64\jre\21.0.11-win32-x86_64\bin\management_ext.dll
Event: 9.720 Loaded shared library C:\Users\SSDD\AppData\Local\Temp\jna-2554592\jna13261756469306852768.dll
Event: 9.936 Loaded shared library C:\Users\SSDD\.vscode\extensions\redhat.java-1.55.0-win32-x64\jre\21.0.11-win32-x86_64\bin\sunmscapi.dll
Event: 10.003 Loaded shared library C:\Users\SSDD\.vscode\extensions\redhat.java-1.55.0-win32-x64\jre\21.0.11-win32-x86_64\bin\extnet.dll

Deoptimization events (20 events):
Event: 18.686 Thread 0x0000017b9bae7e40 Uncommon trap: trap_request=0xffffffde fr.pc=0x0000017b4677e498 relative=0x0000000000000078
Event: 18.686 Thread 0x0000017b9bae7e40 Uncommon trap: reason=class_check action=maybe_recompile pc=0x0000017b4677e498 method=java.util.Collections$UnmodifiableMap$UnmodifiableEntrySet$UnmodifiableEntry.getKey()Ljava/lang/Object; @ 4 c2
Event: 18.686 Thread 0x0000017b9bae7e40 DEOPT PACKING pc=0x0000017b4677e498 sp=0x00000072d65fe800
Event: 18.686 Thread 0x0000017b9bae7e40 DEOPT UNPACKING pc=0x0000017b45cc3aa2 sp=0x00000072d65fe790 mode 2
Event: 18.687 Thread 0x0000017b9bae7e40 Uncommon trap: trap_request=0xffffffde fr.pc=0x0000017b466a1018 relative=0x0000000000000078
Event: 18.687 Thread 0x0000017b9bae7e40 Uncommon trap: reason=class_check action=maybe_recompile pc=0x0000017b466a1018 method=java.util.Collections$UnmodifiableMap$UnmodifiableEntrySet$1.hasNext()Z @ 4 c2
Event: 18.687 Thread 0x0000017b9bae7e40 DEOPT PACKING pc=0x0000017b466a1018 sp=0x00000072d65fe800
Event: 18.687 Thread 0x0000017b9bae7e40 DEOPT UNPACKING pc=0x0000017b45cc3aa2 sp=0x00000072d65fe790 mode 2
Event: 18.687 Thread 0x0000017b9bae7e40 Uncommon trap: trap_request=0xffffffde fr.pc=0x0000017b466d841c relative=0x000000000000007c
Event: 18.687 Thread 0x0000017b9bae7e40 Uncommon trap: reason=class_check action=maybe_recompile pc=0x0000017b466d841c method=java.util.Collections$UnmodifiableMap.isEmpty()Z @ 4 c2
Event: 18.687 Thread 0x0000017b9bae7e40 DEOPT PACKING pc=0x0000017b466d841c sp=0x00000072d65fe9a0
Event: 18.687 Thread 0x0000017b9bae7e40 DEOPT UNPACKING pc=0x0000017b45cc3aa2 sp=0x00000072d65fe930 mode 2
Event: 18.687 Thread 0x0000017b9bae7e40 Uncommon trap: trap_request=0xffffffde fr.pc=0x0000017b466a1018 relative=0x0000000000000078
Event: 18.687 Thread 0x0000017b9bae7e40 Uncommon trap: reason=class_check action=maybe_recompile pc=0x0000017b466a1018 method=java.util.Collections$UnmodifiableMap$UnmodifiableEntrySet$1.hasNext()Z @ 4 c2
Event: 18.687 Thread 0x0000017b9bae7e40 DEOPT PACKING pc=0x0000017b466a1018 sp=0x00000072d65fe800
Event: 18.687 Thread 0x0000017b9bae7e40 DEOPT UNPACKING pc=0x0000017b45cc3aa2 sp=0x00000072d65fe790 mode 2
Event: 18.723 Thread 0x0000017b9b37f610 Uncommon trap: trap_request=0xffffff45 fr.pc=0x0000017b467049d0 relative=0x00000000000003f0
Event: 18.723 Thread 0x0000017b9b37f610 Uncommon trap: reason=unstable_if action=reinterpret pc=0x0000017b467049d0 method=java.util.IdentityHashMap.maskNull(Ljava/lang/Object;)Ljava/lang/Object; @ 1 c2
Event: 18.723 Thread 0x0000017b9b37f610 DEOPT PACKING pc=0x0000017b467049d0 sp=0x00000072d82fdb60
Event: 18.723 Thread 0x0000017b9b37f610 DEOPT UNPACKING pc=0x0000017b45cc3aa2 sp=0x00000072d82fdaa8 mode 2

Classes loaded (20 events):
Event: 18.276 Loading class java/util/stream/ReduceOps$4
Event: 18.276 Loading class java/util/stream/ReduceOps$4 done
Event: 18.276 Loading class java/util/stream/ReduceOps$4ReducingSink
Event: 18.276 Loading class java/util/stream/ReduceOps$4ReducingSink done
Event: 18.277 Loading class java/nio/file/Files$2
Event: 18.277 Loading class java/nio/file/Files$2 done
Event: 18.676 Loading class jdk/internal/module/IllegalAccessLogger
Event: 18.676 Loading class jdk/internal/module/IllegalAccessLogger done
Event: 18.689 Loading class java/util/concurrent/ArrayBlockingQueue
Event: 18.689 Loading class java/util/concurrent/ArrayBlockingQueue done
Event: 18.694 Loading class java/util/stream/ReferencePipeline$4
Event: 18.694 Loading class java/util/stream/ReferencePipeline$4 done
Event: 18.694 Loading class java/util/stream/Nodes$IntFixedNodeBuilder
Event: 18.696 Loading class java/util/stream/Node$Builder$OfInt
Event: 18.696 Loading class java/util/stream/Node$Builder$OfInt done
Event: 18.696 Loading class java/util/stream/Nodes$IntArrayNode
Event: 18.696 Loading class java/util/stream/Nodes$IntArrayNode done
Event: 18.696 Loading class java/util/stream/Nodes$IntFixedNodeBuilder done
Event: 18.696 Loading class java/util/stream/ReferencePipeline$4$1
Event: 18.696 Loading class java/util/stream/ReferencePipeline$4$1 done

Classes unloaded (11 events):
Event: 9.279 Thread 0x0000017b94261960 Unloading class 0x0000017b531a4400 'java/lang/invoke/LambdaForm$MH+0x0000017b531a4400'
Event: 9.279 Thread 0x0000017b94261960 Unloading class 0x0000017b531a4000 'java/lang/invoke/LambdaForm$MH+0x0000017b531a4000'
Event: 9.279 Thread 0x0000017b94261960 Unloading class 0x0000017b531a3c00 'java/lang/invoke/LambdaForm$MH+0x0000017b531a3c00'
Event: 9.279 Thread 0x0000017b94261960 Unloading class 0x0000017b531a3800 'java/lang/invoke/LambdaForm$MH+0x0000017b531a3800'
Event: 9.279 Thread 0x0000017b94261960 Unloading class 0x0000017b531a3400 'java/lang/invoke/LambdaForm$BMH+0x0000017b531a3400'
Event: 9.279 Thread 0x0000017b94261960 Unloading class 0x0000017b531a3000 'java/lang/invoke/LambdaForm$DMH+0x0000017b531a3000'
Event: 9.279 Thread 0x0000017b94261960 Unloading class 0x0000017b531a2000 'java/lang/invoke/LambdaForm$DMH+0x0000017b531a2000'
Event: 14.348 Thread 0x0000017b94261960 Unloading class 0x0000017b53664c00 'java/lang/invoke/LambdaForm$DMH+0x0000017b53664c00'
Event: 14.348 Thread 0x0000017b94261960 Unloading class 0x0000017b53665800 'java/lang/invoke/LambdaForm$DMH+0x0000017b53665800'
Event: 14.348 Thread 0x0000017b94261960 Unloading class 0x0000017b53665400 'java/lang/invoke/LambdaForm$DMH+0x0000017b53665400'
Event: 14.348 Thread 0x0000017b94261960 Unloading class 0x0000017b53665000 'java/lang/invoke/LambdaForm$DMH+0x0000017b53665000'

Classes redefined (5 events):
Event: 0.468 Thread 0x0000017b94261960 redefined class name=java.io.FileOutputStream, count=1
Event: 0.471 Thread 0x0000017b94261960 redefined class name=java.io.File, count=1
Event: 0.475 Thread 0x0000017b94261960 redefined class name=java.nio.file.Files, count=1
Event: 0.484 Thread 0x0000017b94261960 redefined class name=java.lang.ClassLoader, count=1
Event: 0.489 Thread 0x0000017b94261960 redefined class name=java.net.URLStreamHandler, count=1

Internal exceptions (20 events):
Event: 15.922 Thread 0x0000017b957a9cb0 Implicit null exception at 0x0000017b468539e9 to 0x0000017b46853bbc
Event: 16.451 Thread 0x0000017b9bae7e40 Exception <a 'sun/nio/fs/WindowsException'{0x00000000d655a360}> (0x00000000d655a360) 
thrown [s\src\hotspot\share\prims\jni.cpp, line 520]
Event: 16.456 Thread 0x0000017b9cb1a6a0 Exception <a 'sun/nio/fs/WindowsException'{0x00000000d5589c40}> (0x00000000d5589c40) 
thrown [s\src\hotspot\share\prims\jni.cpp, line 520]
Event: 16.458 Thread 0x0000017b9cb1a6a0 Exception <a 'sun/nio/fs/WindowsException'{0x00000000d558ae60}> (0x00000000d558ae60) 
thrown [s\src\hotspot\share\prims\jni.cpp, line 520]
Event: 16.459 Thread 0x0000017b9cb1ad30 Exception <a 'sun/nio/fs/WindowsException'{0x00000000d5620200}> (0x00000000d5620200) 
thrown [s\src\hotspot\share\prims\jni.cpp, line 520]
Event: 16.460 Thread 0x0000017b9cb1b3c0 Exception <a 'sun/nio/fs/WindowsException'{0x00000000d56feb10}> (0x00000000d56feb10) 
thrown [s\src\hotspot\share\prims\jni.cpp, line 520]
Event: 16.460 Thread 0x0000017b9cb1ba50 Exception <a 'sun/nio/fs/WindowsException'{0x00000000d572e828}> (0x00000000d572e828) 
thrown [s\src\hotspot\share\prims\jni.cpp, line 520]
Event: 16.461 Thread 0x0000017b9cb192f0 Exception <a 'sun/nio/fs/WindowsException'{0x00000000d573e740}> (0x00000000d573e740) 
thrown [s\src\hotspot\share\prims\jni.cpp, line 520]
Event: 16.461 Thread 0x0000017b9cb19980 Exception <a 'sun/nio/fs/WindowsException'{0x00000000d571eda8}> (0x00000000d571eda8) 
thrown [s\src\hotspot\share\prims\jni.cpp, line 520]
Event: 16.461 Thread 0x0000017b9cb1c0e0 Exception <a 'sun/nio/fs/WindowsException'{0x00000000d5794800}> (0x00000000d5794800) 
thrown [s\src\hotspot\share\prims\jni.cpp, line 520]
Event: 16.994 Thread 0x0000017b957a9cb0 Implicit null exception at 0x0000017b4690c5cc to 0x0000017b46911224
Event: 17.623 Thread 0x0000017b9bae7e40 Exception <a 'java/lang/NoClassDefFoundError'{0x00000000d5d3e138}: org/eclipse/core/runtime/IPath> (0x00000000d5d3e138) 
thrown [s\src\hotspot\share\classfile\systemDictionary.cpp, line 302]
Event: 18.208 Thread 0x0000017b9bae7e40 Exception <a 'java/lang/NoSuchMethodError'{0x00000000d5d957e8}: 'java.lang.Object java.lang.invoke.DirectMethodHandle$Holder.invokeStatic(java.lang.Object, java.lang.Object, int, int)'> (0x00000000d5d957e8) 
thrown [s\src\hotspot\share\interpreter\linkResolver.cpp, line 773]
Event: 18.209 Thread 0x0000017b9bae7e40 Exception <a 'java/lang/NoSuchMethodError'{0x00000000d5dc30b8}: 'java.lang.Object java.lang.invoke.DirectMethodHandle$Holder.invokeSpecial(java.lang.Object, java.lang.Object, java.lang.Object, int, int)'> (0x00000000d5dc30b8) 
thrown [s\src\hotspot\share\interpreter\linkResolver.cpp, line 773]
Event: 18.279 Thread 0x0000017b9bae7e40 Implicit null exception at 0x0000017b469494e3 to 0x0000017b46949b34
Event: 18.353 Thread 0x0000017b9bae7e40 Exception <a 'java/lang/NoClassDefFoundError'{0x00000000d5a21e48}: org/eclipse/jdt/internal/core/CompilationUnit> (0x00000000d5a21e48) 
thrown [s\src\hotspot\share\classfile\systemDictionary.cpp, line 302]
Event: 18.710 Thread 0x0000017b9b37f610 Exception <a 'java/lang/NoClassDefFoundError'{0x00000000d56b8bc8}: org/eclipse/jdt/core/dom/Name> (0x00000000d56b8bc8) 
thrown [s\src\hotspot\share\classfile\systemDictionary.cpp, line 302]
Event: 18.710 Thread 0x0000017b9b37f610 Exception <a 'java/lang/NullPointerException'{0x00000000d56b8eb8}> (0x00000000d56b8eb8) 
thrown [s\src\hotspot\share\interpreter\linkResolver.cpp, line 1372]
Event: 18.722 Thread 0x0000017b9b37f610 Exception <a 'java/lang/NullPointerException'{0x00000000d582d3e0}> (0x00000000d582d3e0) 
thrown [s\src\hotspot\share\interpreter\linkResolver.cpp, line 1372]
Event: 18.723 Thread 0x0000017b9b37f610 Implicit null exception at 0x0000017b46704627 to 0x0000017b467049c0

ZGC Phase Switch (0 events):
No events

VM Operations (20 events):
Event: 18.645 Executing safepoint VM operation: ParallelGCFailedAllocation (Allocation Failure) done
Event: 18.653 Executing safepoint VM operation: ParallelGCFailedAllocation (Allocation Failure)
Event: 18.655 Executing safepoint VM operation: ParallelGCFailedAllocation (Allocation Failure) done
Event: 18.663 Executing safepoint VM operation: ParallelGCFailedAllocation (Allocation Failure)
Event: 18.665 Executing safepoint VM operation: ParallelGCFailedAllocation (Allocation Failure) done
Event: 18.673 Executing safepoint VM operation: ParallelGCFailedAllocation (Allocation Failure)
Event: 18.674 Executing safepoint VM operation: ParallelGCFailedAllocation (Allocation Failure) done
Event: 18.683 Executing safepoint VM operation: ParallelGCFailedAllocation (Allocation Failure)
Event: 18.684 Executing safepoint VM operation: ParallelGCFailedAllocation (Allocation Failure) done
Event: 18.694 Executing safepoint VM operation: ParallelGCFailedAllocation (Allocation Failure)
Event: 18.696 Executing safepoint VM operation: ParallelGCFailedAllocation (Allocation Failure) done
Event: 18.705 Executing safepoint VM operation: ParallelGCFailedAllocation (Allocation Failure)
Event: 18.706 Executing safepoint VM operation: ParallelGCFailedAllocation (Allocation Failure) done
Event: 18.714 Executing non-safepoint VM operation: HandshakeAllThreads (Deoptimize)
Event: 18.714 Executing non-safepoint VM operation: HandshakeAllThreads (Deoptimize) done
Event: 18.716 Executing safepoint VM operation: ParallelGCFailedAllocation (Allocation Failure)
Event: 18.717 Executing safepoint VM operation: ParallelGCFailedAllocation (Allocation Failure) done
Event: 18.724 Executing safepoint VM operation: ParallelGCFailedAllocation (Allocation Failure)
Event: 18.726 Executing safepoint VM operation: ParallelGCFailedAllocation (Allocation Failure) done
Event: 18.733 Executing safepoint VM operation: ParallelGCFailedAllocation (Allocation Failure)

Memory protections (0 events):
No events

Nmethod flushes (20 events):
Event: 14.362 Thread 0x0000017b94261960 flushing  nmethod 0x0000017b3ef20490
Event: 14.362 Thread 0x0000017b94261960 flushing  nmethod 0x0000017b3ef3d390
Event: 14.362 Thread 0x0000017b94261960 flushing  nmethod 0x0000017b3efa6a90
Event: 14.362 Thread 0x0000017b94261960 flushing  nmethod 0x0000017b3efc2710
Event: 14.362 Thread 0x0000017b94261960 flushing  nmethod 0x0000017b3efc4c90
Event: 14.362 Thread 0x0000017b94261960 flushing  nmethod 0x0000017b3efc5410
Event: 14.362 Thread 0x0000017b94261960 flushing  nmethod 0x0000017b3eff6790
Event: 14.362 Thread 0x0000017b94261960 flushing  nmethod 0x0000017b3effa790
Event: 14.362 Thread 0x0000017b94261960 flushing  nmethod 0x0000017b3effec10
Event: 14.362 Thread 0x0000017b94261960 flushing  nmethod 0x0000017b3efff710
Event: 14.362 Thread 0x0000017b94261960 flushing  nmethod 0x0000017b3f000210
Event: 14.362 Thread 0x0000017b94261960 flushing  nmethod 0x0000017b3f000690
Event: 14.362 Thread 0x0000017b94261960 flushing  nmethod 0x0000017b3f003390
Event: 14.362 Thread 0x0000017b94261960 flushing  nmethod 0x0000017b3f01ae10
Event: 14.362 Thread 0x0000017b94261960 flushing  nmethod 0x0000017b3f032910
Event: 14.362 Thread 0x0000017b94261960 flushing  nmethod 0x0000017b3f041390
Event: 14.362 Thread 0x0000017b94261960 flushing  nmethod 0x0000017b3f044e10
Event: 14.362 Thread 0x0000017b94261960 flushing  nmethod 0x0000017b3f07c690
Event: 14.362 Thread 0x0000017b94261960 flushing  nmethod 0x0000017b3f097510
Event: 14.362 Thread 0x0000017b94261960 flushing  nmethod 0x0000017b3f09c410

Events (20 events):
Event: 16.459 Thread 0x0000017b9cb1a6a0 Thread added: 0x0000017b9cb19980
Event: 16.459 Thread 0x0000017b9cb1ad30 Thread added: 0x0000017b9cb18c60
Event: 16.460 Thread 0x0000017b9cb1b3c0 Thread added: 0x0000017b9cb1ba50
Event: 16.460 Thread 0x0000017b9cb18c60 Thread added: 0x0000017b9cb192f0
Event: 16.460 Thread 0x0000017b9cb19980 Thread added: 0x0000017b9cb1c0e0
Event: 16.460 Thread 0x0000017b9cb1ba50 Thread added: 0x0000017b9cb1d490
Event: 16.460 Thread 0x0000017b9cb192f0 Thread added: 0x0000017b9cb1c770
Event: 16.461 Thread 0x0000017b9cb1b3c0 Thread added: 0x0000017b9cb1ce00
Event: 16.461 Thread 0x0000017b9cb1c0e0 Thread added: 0x0000017b9cb1a010
Event: 16.493 Thread 0x0000017b9bae7e40 Thread added: 0x0000017b9cb1db20
Event: 16.494 Thread 0x0000017b9bae7e40 Thread added: 0x0000017b9cb1e1b0
Event: 16.494 Thread 0x0000017b9bae7e40 Thread added: 0x0000017b9cb20280
Event: 16.494 Thread 0x0000017b9bae7e40 Thread added: 0x0000017b9cb1e840
Event: 16.494 Thread 0x0000017b9bae7e40 Thread added: 0x0000017b9cb1f560
Event: 16.494 Thread 0x0000017b9bae7e40 Thread added: 0x0000017b9cb1eed0
Event: 16.494 Thread 0x0000017b9bae7e40 Thread added: 0x0000017b9cb1fbf0
Event: 16.494 Thread 0x0000017b9cb1eed0 Thread added: 0x0000017b9b3816e0
Event: 16.495 Thread 0x0000017b9cb1db20 Thread added: 0x0000017b9b381050
Event: 17.433 Thread 0x0000017b94333e20 Thread added: 0x0000017b9b380330
Event: 18.690 Thread 0x0000017b9bae7e40 Thread added: 0x0000017b9b37f610


Dynamic libraries:
0x00007ff7a7890000 - 0x00007ff7a789e000 	c:\Users\SSDD\.vscode\extensions\redhat.java-1.55.0-win32-x64\jre\21.0.11-win32-x86_64\bin\java.exe
0x00007ffaa0140000 - 0x00007ffaa03a7000 	C:\Windows\SYSTEM32\ntdll.dll
0x00007ffa9fe60000 - 0x00007ffa9ff29000 	C:\Windows\System32\KERNEL32.DLL
0x00007ffa9fa60000 - 0x00007ffa9fe54000 	C:\Windows\System32\KERNELBASE.dll
0x0000000071fa0000 - 0x0000000071fde000 	C:\Windows\System32\cyinjct.dll
0x00007ffa9f8d0000 - 0x00007ffa9f8f4000 	C:\Windows\System32\cyvera.dll
0x00007ffa97b60000 - 0x00007ffa97b78000 	c:\Users\SSDD\.vscode\extensions\redhat.java-1.55.0-win32-x64\jre\21.0.11-win32-x86_64\bin\jli.dll
0x0000017b38ea0000 - 0x0000017b39065000 	C:\Windows\System32\USER32.dll
0x00007ffa9ca70000 - 0x00007ffa9ca97000 	C:\Windows\System32\win32u.dll
0x00007ffa9ec50000 - 0x00007ffa9ec7b000 	C:\Windows\System32\GDI32.dll
0x00007ffa9c880000 - 0x00007ffa9c9aa000 	C:\Windows\System32\gdi32full.dll
0x00007ffa9d510000 - 0x00007ffa9d5b3000 	C:\Windows\System32\msvcp_win.dll
0x0000017b39070000 - 0x0000017b391bb000 	C:\Windows\System32\ucrtbase.dll
0x00007ffa8a980000 - 0x00007ffa8a99e000 	c:\Users\SSDD\.vscode\extensions\redhat.java-1.55.0-win32-x64\jre\21.0.11-win32-x86_64\bin\VCRUNTIME140.dll
0x00007ffa7e5b0000 - 0x00007ffa7e843000 	C:\Windows\WinSxS\amd64_microsoft.windows.common-controls_6595b64144ccf1df_6.0.26100.8115_none_3e075c82e3354f9c\COMCTL32.dll
0x00007ffa9ed50000 - 0x00007ffa9edf9000 	C:\Windows\System32\msvcrt.dll
0x00007ffa9f800000 - 0x00007ffa9f8c6000 	C:\Windows\System32\cyvrtrap.dll
0x00007ffa9d940000 - 0x00007ffa9d972000 	C:\Windows\System32\IMM32.DLL
0x00007ffa961f0000 - 0x00007ffa961fc000 	c:\Users\SSDD\.vscode\extensions\redhat.java-1.55.0-win32-x64\jre\21.0.11-win32-x86_64\bin\vcruntime140_1.dll
0x00007ffa60830000 - 0x00007ffa608bd000 	c:\Users\SSDD\.vscode\extensions\redhat.java-1.55.0-win32-x64\jre\21.0.11-win32-x86_64\bin\msvcp140.dll
0x00007ff9b6050000 - 0x00007ff9b6df2000 	c:\Users\SSDD\.vscode\extensions\redhat.java-1.55.0-win32-x64\jre\21.0.11-win32-x86_64\bin\server\jvm.dll
0x00007ffa9ec90000 - 0x00007ffa9ed46000 	C:\Windows\System32\ADVAPI32.dll
0x00007ffa9e470000 - 0x00007ffa9e517000 	C:\Windows\System32\sechost.dll
0x00007ffa9f940000 - 0x00007ffa9fa58000 	C:\Windows\System32\RPCRT4.dll
0x00007ffa9db70000 - 0x00007ffa9dbf0000 	C:\Windows\System32\WS2_32.dll
0x00007ffa9c6e0000 - 0x00007ffa9c73e000 	C:\Windows\SYSTEM32\POWRPROF.dll
0x00007ffa92fd0000 - 0x00007ffa93006000 	C:\Windows\SYSTEM32\WINMM.dll
0x00007ffa7f930000 - 0x00007ffa7f93b000 	C:\Windows\SYSTEM32\VERSION.dll
0x00007ffa9c6c0000 - 0x00007ffa9c6d4000 	C:\Windows\SYSTEM32\UMPDC.dll
0x00007ffa9b5d0000 - 0x00007ffa9b5eb000 	C:\Windows\SYSTEM32\kernel.appcore.dll
0x00007ffa94f60000 - 0x00007ffa94f6a000 	c:\Users\SSDD\.vscode\extensions\redhat.java-1.55.0-win32-x64\jre\21.0.11-win32-x86_64\bin\jimage.dll
0x00007ffa9a650000 - 0x00007ffa9a892000 	C:\Windows\SYSTEM32\DBGHELP.DLL
0x00007ffa9e840000 - 0x00007ffa9ebc2000 	C:\Windows\System32\combase.dll
0x00007ffa9e5b0000 - 0x00007ffa9e687000 	C:\Windows\System32\OLEAUT32.dll
0x00007ffa59a70000 - 0x00007ffa59aab000 	C:\Windows\SYSTEM32\dbgcore.DLL
0x00007ffa9caa0000 - 0x00007ffa9cb45000 	C:\Windows\System32\bcryptPrimitives.dll
0x00007ffa8d1c0000 - 0x00007ffa8d1cf000 	c:\Users\SSDD\.vscode\extensions\redhat.java-1.55.0-win32-x64\jre\21.0.11-win32-x86_64\bin\instrument.dll
0x00007ffa82330000 - 0x00007ffa82350000 	c:\Users\SSDD\.vscode\extensions\redhat.java-1.55.0-win32-x64\jre\21.0.11-win32-x86_64\bin\java.dll
0x00007ffa9f7b0000 - 0x00007ffa9f7fb000 	C:\Program Files\Palo Alto Networks\Traps\cyjagent.dll
0x00007ffa81fe0000 - 0x00007ffa81ff8000 	c:\Users\SSDD\.vscode\extensions\redhat.java-1.55.0-win32-x64\jre\21.0.11-win32-x86_64\bin\zip.dll
0x00007ffa9ee00000 - 0x00007ffa9f566000 	C:\Windows\System32\SHELL32.dll
0x00007ffa9d7d0000 - 0x00007ffa9d93a000 	C:\Windows\System32\wintypes.dll
0x00007ffa9cca0000 - 0x00007ffa9d505000 	C:\Windows\System32\windows.storage.dll
0x00007ffa9f6b0000 - 0x00007ffa9f7a7000 	C:\Windows\System32\SHCORE.dll
0x00007ffa9e7d0000 - 0x00007ffa9e836000 	C:\Windows\System32\shlwapi.dll
0x00007ffa9c7a0000 - 0x00007ffa9c7c9000 	C:\Windows\SYSTEM32\profapi.dll
0x00007ffa8a970000 - 0x00007ffa8a980000 	C:\Users\SSDD\.vscode\extensions\redhat.java-1.55.0-win32-x64\jre\21.0.11-win32-x86_64\bin\net.dll
0x00007ffa96600000 - 0x00007ffa9672d000 	C:\Windows\SYSTEM32\WINHTTP.dll
0x00007ffa9bb20000 - 0x00007ffa9bb8c000 	C:\Windows\system32\mswsock.dll
0x00007ffa81640000 - 0x00007ffa81656000 	C:\Users\SSDD\.vscode\extensions\redhat.java-1.55.0-win32-x64\jre\21.0.11-win32-x86_64\bin\nio.dll
0x00007ffa82820000 - 0x00007ffa82830000 	c:\Users\SSDD\.vscode\extensions\redhat.java-1.55.0-win32-x64\jre\21.0.11-win32-x86_64\bin\verify.dll
0x00007ffa5f830000 - 0x00007ffa5f875000 	C:\Users\SSDD\AppData\Roaming\Code\User\globalStorage\redhat.java\1.55.0\config_win\org.eclipse.equinox.launcher\org.eclipse.equinox.launcher.win32.win32.x86_64_1.3.100.v20260613-0559\eclipse_11924.dll
0x00007ffa9dc50000 - 0x00007ffa9dde7000 	C:\Windows\System32\ole32.dll
0x00007ffa815b0000 - 0x00007ffa815ba000 	C:\Users\SSDD\.vscode\extensions\redhat.java-1.55.0-win32-x64\jre\21.0.11-win32-x86_64\bin\management.dll
0x00007ffa81450000 - 0x00007ffa8145c000 	C:\Users\SSDD\.vscode\extensions\redhat.java-1.55.0-win32-x64\jre\21.0.11-win32-x86_64\bin\management_ext.dll
0x00007ffa9e5a0000 - 0x00007ffa9e5a8000 	C:\Windows\System32\PSAPI.DLL
0x00007ffa9bf20000 - 0x00007ffa9bf3b000 	C:\Windows\SYSTEM32\CRYPTSP.dll
0x00007ffa9b530000 - 0x00007ffa9b569000 	C:\Windows\system32\rsaenh.dll
0x00007ffa9bbd0000 - 0x00007ffa9bc03000 	C:\Windows\SYSTEM32\USERENV.dll
0x00007ffa9c770000 - 0x00007ffa9c79a000 	C:\Windows\SYSTEM32\bcrypt.dll
0x00007ffa9bf00000 - 0x00007ffa9bf0c000 	C:\Windows\SYSTEM32\CRYPTBASE.dll
0x00007ffa9aed0000 - 0x00007ffa9af02000 	C:\Windows\SYSTEM32\IPHLPAPI.DLL
0x00007ffa9ddf0000 - 0x00007ffa9ddfa000 	C:\Windows\System32\NSI.dll
0x00007ffa82850000 - 0x00007ffa82899000 	C:\Users\SSDD\AppData\Local\Temp\jna-2554592\jna13261756469306852768.dll
0x00007ffa96f50000 - 0x00007ffa96f6d000 	C:\Windows\SYSTEM32\dhcpcsvc6.DLL
0x00007ffa96ea0000 - 0x00007ffa96ec5000 	C:\Windows\SYSTEM32\dhcpcsvc.DLL
0x00007ffa81290000 - 0x00007ffa8129e000 	C:\Users\SSDD\.vscode\extensions\redhat.java-1.55.0-win32-x64\jre\21.0.11-win32-x86_64\bin\sunmscapi.dll
0x00007ffa9d650000 - 0x00007ffa9d7c7000 	C:\Windows\System32\CRYPT32.dll
0x00007ffa9c080000 - 0x00007ffa9c0b0000 	C:\Windows\SYSTEM32\ncrypt.dll
0x00007ffa9c030000 - 0x00007ffa9c06f000 	C:\Windows\SYSTEM32\NTASN1.dll
0x00007ffa9b0a0000 - 0x00007ffa9b1d2000 	C:\Windows\SYSTEM32\DNSAPI.dll
0x00007ffa95320000 - 0x00007ffa9532b000 	C:\Windows\System32\rasadhlp.dll
0x00007ffa97330000 - 0x00007ffa973b6000 	C:\Windows\System32\fwpuclnt.dll
0x00007ffa81280000 - 0x00007ffa81289000 	C:\Users\SSDD\.vscode\extensions\redhat.java-1.55.0-win32-x64\jre\21.0.11-win32-x86_64\bin\extnet.dll

JVMTI agents:
c:\Users\SSDD\.vscode\extensions\redhat.java-1.55.0-win32-x64\lombok\lombok-1.18.39-4050.jar path:c:\Users\SSDD\.vscode\extensions\redhat.java-1.55.0-win32-x64\jre\21.0.11-win32-x86_64\bin\instrument.dll, loaded, initialized, instrumentlib options:none
C:\Program Files\Palo Alto Networks\Traps\cyjagent.dll path:C:\Program Files\Palo Alto Networks\Traps\cyjagent.dll, loaded, initialized, options:none

dbghelp: loaded successfully - version: 4.0.5 - missing functions: none
symbol engine: initialized successfully - sym options: 0x614 - pdb path: .;c:\Users\SSDD\.vscode\extensions\redhat.java-1.55.0-win32-x64\jre\21.0.11-win32-x86_64\bin;C:\Windows\SYSTEM32;C:\Windows\WinSxS\amd64_microsoft.windows.common-controls_6595b64144ccf1df_6.0.26100.8115_none_3e075c82e3354f9c;c:\Users\SSDD\.vscode\extensions\redhat.java-1.55.0-win32-x64\jre\21.0.11-win32-x86_64\bin\server;C:\Program Files\Palo Alto Networks\Traps;C:\Users\SSDD\AppData\Roaming\Code\User\globalStorage\redhat.java\1.55.0\config_win\org.eclipse.equinox.launcher\org.eclipse.equinox.launcher.win32.win32.x86_64_1.3.100.v20260613-0559;C:\Users\SSDD\AppData\Local\Temp\jna-2554592

VM Arguments:
jvm_args: --add-modules=ALL-SYSTEM --add-opens=java.base/java.util=ALL-UNNAMED --add-opens=java.base/java.lang=ALL-UNNAMED --add-opens=java.base/sun.nio.fs=ALL-UNNAMED -Declipse.application=org.eclipse.jdt.ls.core.id1 -Dosgi.bundles.defaultStartLevel=4 -Declipse.product=org.eclipse.jdt.ls.core.product -Djava.import.generatesMetadataFilesAtProjectRoot=false -DDetectVMInstallationsJob.disabled=true -Dfile.encoding=utf8 -XX:+UseParallelGC -XX:GCTimeRatio=4 -XX:AdaptiveSizePolicyWeight=90 -Dsun.zip.disableMemoryMapping=true -Xmx2G -Xms100m -Xlog:disable -javaagent:c:\Users\SSDD\.vscode\extensions\redhat.java-1.55.0-win32-x64\lombok\lombok-1.18.39-4050.jar -XX:+HeapDumpOnOutOfMemoryError -XX:HeapDumpPath=c:\Users\SSDD\AppData\Roaming\Code\User\workspaceStorage\9f535888c8042cc39f56017e3d796c9c\redhat.java -Daether.dependencyCollector.impl=bf -agentpath:C:\Program Files\Palo Alto Networks\Traps\cyjagent.dll 
java_command: c:\Users\SSDD\.vscode\extensions\redhat.java-1.55.0-win32-x64\server\plugins\org.eclipse.equinox.launcher_1.7.200.v20260619-2039.jar -configuration c:\Users\SSDD\AppData\Roaming\Code\User\globalStorage\redhat.java\1.55.0\config_win -data c:\Users\SSDD\AppData\Roaming\Code\User\workspaceStorage\9f535888c8042cc39f56017e3d796c9c\redhat.java\jdt_ws --pipe=\\.\pipe\lsp-0387594f9519aaad5325e79c8e23cbda-sock
java_class_path (initial): c:\Users\SSDD\.vscode\extensions\redhat.java-1.55.0-win32-x64\server\plugins\org.eclipse.equinox.launcher_1.7.200.v20260619-2039.jar
Launcher Type: SUN_STANDARD

[Global flags]
    uintx AdaptiveSizePolicyWeight                 = 90                                        {product} {command line}
     intx CICompilerCount                          = 4                                         {product} {ergonomic}
    uintx GCTimeRatio                              = 4                                         {product} {command line}
     bool HeapDumpOnOutOfMemoryError               = true                                   {manageable} {command line}
    ccstr HeapDumpPath                             = c:\Users\SSDD\AppData\Roaming\Code\User\workspaceStorage\9f535888c8042cc39f56017e3d796c9c\redhat.java         {manageable} {command line}
   size_t InitialHeapSize                          = 104857600                                 {product} {command line}
   size_t MaxHeapSize                              = 2147483648                                {product} {command line}
   size_t MaxNewSize                               = 715653120                                 {product} {ergonomic}
   size_t MinHeapDeltaBytes                        = 524288                                    {product} {ergonomic}
   size_t MinHeapSize                              = 104857600                                 {product} {command line}
   size_t NewSize                                  = 34603008                                  {product} {ergonomic}
    uintx NonNMethodCodeHeapSize                   = 5839372                                {pd product} {ergonomic}
    uintx NonProfiledCodeHeapSize                  = 122909434                              {pd product} {ergonomic}
   size_t OldSize                                  = 70254592                                  {product} {ergonomic}
    uintx ProfiledCodeHeapSize                     = 122909434                              {pd product} {ergonomic}
    uintx ReservedCodeCacheSize                    = 251658240                              {pd product} {ergonomic}
     bool SegmentedCodeCache                       = true                                      {product} {ergonomic}
   size_t SoftMaxHeapSize                          = 2147483648                             {manageable} {ergonomic}
     bool UseCompressedOops                        = true                           {product lp64_product} {ergonomic}
     bool UseLargePagesIndividualAllocation        = false                                  {pd product} {ergonomic}
     bool UseParallelGC                            = true                                      {product} {command line}

Logging:
Log output configuration:
 #0: stdout all=off uptime,level,tags foldmultilines=false
 #1: stderr all=off uptime,level,tags foldmultilines=false

Release file:
JAVA_VERSION="21.0.11" 
MODULES="java.base java.compiler java.datatransfer java.xml java.prefs java.desktop java.instrument java.logging java.management java.security.sasl java.naming java.rmi java.management.rmi java.net.http java.scripting java.security.jgss java.transaction.xa java.sql java.sql.rowset java.xml.crypto java.se java.smartcardio jdk.accessibility jdk.internal.jvmstat jdk.attach jdk.charsets jdk.internal.opt jdk.zipfs jdk.compiler jdk.crypto.ec jdk.crypto.cryptoki jdk.crypto.mscapi jdk.dynalink jdk.internal.ed jdk.editpad jdk.hotspot.agent jdk.httpserver jdk.internal.le jdk.internal.vm.ci jdk.internal.vm.compiler jdk.internal.vm.compiler.management jdk.jartool jdk.javadoc jdk.jcmd jdk.management jdk.management.agent jdk.jconsole jdk.jdeps jdk.jdwp.agent jdk.jdi jdk.jfr jdk.jshell jdk.jsobject jdk.jstatd jdk.localedata jdk.management.jfr jdk.naming.dns jdk.naming.rmi jdk.net jdk.nio.mapmode jdk.random jdk.sctp jdk.security.auth jdk.security.jgss jdk.unsupported jdk.unsupported.desktop jdk.xml.dom" 

Environment Variables:
PATH=C:\Users\SSDD\AppData\Local\Programs\Microsoft VS Code;C:\Program Files\Common Files\Oracle\Java\javapath;C:\app\SSDD\product\21c\dbhomeXE\bin;C:\Windows\system32;C:\Windows;C:\Windows\System32\Wbem;C:\Windows\System32\WindowsPowerShell\v1.0\;C:\Windows\System32\OpenSSH\;C:\Program Files (x86)\Windows Kits\10\Windows Performance Toolkit\;C:\Program Files\dotnet\;C:\Program Files\MATLAB\R2025b\runtime\win64;C:\Program Files\MATLAB\R2025b\bin;C:\Program Files\Microsoft SQL Server\130\Tools\Binn\;C:\Program Files\Microsoft SQL Server\Client SDK\ODBC\170\Tools\Binn\;C:\Program Files (x86)\Microsoft SQL Server\150\Tools\Binn\;C:\Program Files\Microsoft SQL Server\150\Tools\Binn\;C:\Program Files\Microsoft SQL Server\150\DTS\Binn\;C:\Program Files (x86)\Microsoft SQL Server\150\DTS\Binn\;C:\Program Files\Azure Data Studio\bin;C:\Users\SSDD\AppData\Local\Microsoft\WindowsApps;C:\Users\SSDD\AppData\Local\GitHubDesktop\bin;C:\Program Files\Azure Data Studio\bin;C:\Users\SSDD\AppData\Local\Programs\Microsoft VS Code\bin
USERNAME=SSDD
OS=Windows_NT
PROCESSOR_IDENTIFIER=Intel64 Family 6 Model 151 Stepping 5, GenuineIntel
TMP=C:\Users\SSDD\AppData\Local\Temp
TEMP=C:\Users\SSDD\AppData\Local\Temp




Periodic native trim disabled

---------------  S Y S T E M  ---------------

OS:
 Windows 11 , 64 bit Build 26100 (10.0.26100.8115)
OS uptime: 0 days 1:29 hours
Hyper-V role detected

CPU: total 12 (initial active 12) (6 cores per cpu, 2 threads per core) family 6 model 151 stepping 5 microcode 0x3a, cx8, cmov, fxsr, ht, mmx, 3dnowpref, sse, sse2, sse3, ssse3, sse4.1, sse4.2, popcnt, lzcnt, tsc, tscinvbit, avx, avx2, aes, erms, clmul, bmi1, bmi2, adx, sha, fma, vzeroupper, clflush, clflushopt, clwb, hv, serialize, rdtscp, rdpid, fsrm, f16c, cet_ibt, cet_ss
Processor Information for the first 12 processors :
  Max Mhz: 3000, Current Mhz: 3000, Mhz Limit: 3000

Memory: 4k page, system-wide physical 16072M (1798M free)
TotalPageFile size 16072M (AvailPageFile size 1M)
current process WorkingSet (physical memory assigned to process): 549M, peak: 551M
current process commit charge ("private bytes"): 563M, peak: 566M

vm_info: OpenJDK 64-Bit Server VM (21.0.11+10-LTS) for windows-amd64 JRE (21.0.11+10-LTS), built on 2026-04-21T00:00:00Z by "admin" with MS VC++ 17.12 (VS2022)

END.
